<?xml version="1.0" encoding="UTF-8"?>
<!-- Generated by org.testng.reporters.JUnitReportReporter -->
<testsuite hostname="L-MAA-25005253" name="com.googlesearch.TimeOutChecker" tests="4" failures="0" timestamp="11 Nov 2017 08:16:03 GMT" time="3.948" errors="0">
  <testcase name="test" time="1.020" classname="com.googlesearch.TimeOutChecker"/>
  <testcase name="test" time="0.947" classname="com.googlesearch.TimeOutChecker"/>
  <testcase name="test" time="1.020" classname="com.googlesearch.TimeOutChecker"/>
  <testcase name="test" time="0.961" classname="com.googlesearch.TimeOutChecker"/>
</testsuite> <!-- com.googlesearch.TimeOutChecker -->
