<?xml version="1.0" encoding="UTF-8"?>
<!-- Generated by org.testng.reporters.JUnitReportReporter -->
<testsuite hostname="L-MAA-25005253" name="com.paypaldocker.DockerHandsOn" tests="6" failures="0" timestamp="18 Sep 2017 07:07:02 GMT" time="284.801" errors="0">
  <testcase name="enterGoogleSearchTextFF" time="25.560" classname="com.paypaldocker.DockerHandsOn"/>
  <testcase name="enterGoogleSearchTextFF" time="59.923" classname="com.paypaldocker.DockerHandsOn"/>
  <testcase name="enterGoogleSearchTextChrome" time="23.252" classname="com.paypaldocker.DockerHandsOn"/>
  <testcase name="enterGoogleSearchTextChrome" time="56.017" classname="com.paypaldocker.DockerHandsOn"/>
  <testcase name="enterGoogleSearchTextFF" time="58.652" classname="com.paypaldocker.DockerHandsOn"/>
  <testcase name="enterGoogleSearchTextChrome" time="61.397" classname="com.paypaldocker.DockerHandsOn"/>
</testsuite> <!-- com.paypaldocker.DockerHandsOn -->
